[2025-01-22T21:09:04.584Z] ERROR: undefined
[2025-01-22T21:09:07.392Z] ERROR: 
[2025-01-22T21:09:09.061Z] ERROR: err
[2025-01-22T21:09:12.972Z] ERROR: erroer
[2025-01-22T21:09:14.120Z] ERROR: erroer 
[2025-01-22T21:09:20.040Z] ERROR: erroer setupEvents: 
[2025-01-22T21:09:22.590Z] ERROR: erroer setupEvents:  - MessageMedia is not defined
Stack: ReferenceError: MessageMedia is not defined
    at setupEvents (file:///C:/Users/rn0x/OneDrive/Desktop/Sambosa/src/events/index.mjs:20:27)
    at file:///C:/Users/rn0x/OneDrive/Desktop/Sambosa/src/index.mjs:8:1
[2025-01-22T21:09:26.337Z] ERROR: error setupEvents:  - MessageMedia is not defined
Stack: ReferenceError: MessageMedia is not defined
    at setupEvents (file:///C:/Users/rn0x/OneDrive/Desktop/Sambosa/src/events/index.mjs:20:27)
    at file:///C:/Users/rn0x/OneDrive/Desktop/Sambosa/src/index.mjs:8:1
[2025-01-22T21:09:27.641Z] ERROR: error setupEvents:  - MessageMedia is not defined
Stack: ReferenceError: MessageMedia is not defined
    at setupEvents (file:///C:/Users/rn0x/OneDrive/Desktop/Sambosa/src/events/index.mjs:20:27)
    at file:///C:/Users/rn0x/OneDrive/Desktop/Sambosa/src/index.mjs:8:1
[2025-01-22T21:10:55.397Z] ERROR: error setupEvents:  - n is not defined
Stack: ReferenceError: n is not defined
    at setupEvents (file:///C:/Users/rn0x/OneDrive/Desktop/Sambosa/src/events/index.mjs:22:25)
    at file:///C:/Users/rn0x/OneDrive/Desktop/Sambosa/src/index.mjs:9:1
[2025-01-22T21:10:56.425Z] ERROR: error setupEvents:  - m is not defined
Stack: ReferenceError: m is not defined
    at setupEvents (file:///C:/Users/rn0x/OneDrive/Desktop/Sambosa/src/events/index.mjs:22:25)
    at file:///C:/Users/rn0x/OneDrive/Desktop/Sambosa/src/index.mjs:9:1
[2025-01-22T21:11:01.496Z] ERROR: error setupEvents:  - M is not defined
Stack: ReferenceError: M is not defined
    at setupEvents (file:///C:/Users/rn0x/OneDrive/Desktop/Sambosa/src/events/index.mjs:22:25)
    at file:///C:/Users/rn0x/OneDrive/Desktop/Sambosa/src/index.mjs:9:1
[2025-01-22T21:11:04.784Z] ERROR: error setupEvents:  - Poll is not defined
Stack: ReferenceError: Poll is not defined
    at setupEvents (file:///C:/Users/rn0x/OneDrive/Desktop/Sambosa/src/events/index.mjs:22:39)
    at file:///C:/Users/rn0x/OneDrive/Desktop/Sambosa/src/index.mjs:9:1
[2025-01-23T00:04:16.154Z] ERROR: Attempt 1 failed: - Protocol error (Emulation.setDeviceMetricsOverride): Invalid parameters Failed to deserialize params.height - BINDINGS: int32 value expected at position 32
Stack: ProtocolError: Protocol error (Emulation.setDeviceMetricsOverride): Invalid parameters Failed to deserialize params.height - BINDINGS: int32 value expected at position 32
    at <instance_members_initializer> (file:///C:/Users/rn0x/OneDrive/Desktop/Sambosa/node_modules/puppeteer-core/lib/esm/puppeteer/common/CallbackRegistry.js:97:14)
    at new Callback (file:///C:/Users/rn0x/OneDrive/Desktop/Sambosa/node_modules/puppeteer-core/lib/esm/puppeteer/common/CallbackRegistry.js:101:16)
    at CallbackRegistry.create (file:///C:/Users/rn0x/OneDrive/Desktop/Sambosa/node_modules/puppeteer-core/lib/esm/puppeteer/common/CallbackRegistry.js:20:26)
    at Connection._rawSend (file:///C:/Users/rn0x/OneDrive/Desktop/Sambosa/node_modules/puppeteer-core/lib/esm/puppeteer/cdp/Connection.js:89:26)
    at CdpCDPSession.send (file:///C:/Users/rn0x/OneDrive/Desktop/Sambosa/node_modules/puppeteer-core/lib/esm/puppeteer/cdp/CDPSession.js:66:33)
    at #applyViewport (file:///C:/Users/rn0x/OneDrive/Desktop/Sambosa/node_modules/puppeteer-core/lib/esm/puppeteer/cdp/EmulationManager.js:129:30)
    at EmulatedState.<anonymous> (file:///C:/Users/rn0x/OneDrive/Desktop/Sambosa/node_modules/puppeteer-core/lib/esm/puppeteer/util/decorators.js:146:23)
    at file:///C:/Users/rn0x/OneDrive/Desktop/Sambosa/node_modules/puppeteer-core/lib/esm/puppeteer/cdp/EmulationManager.js:66:33
    at Array.map (<anonymous>)
    at EmulatedState.sync (file:///C:/Users/rn0x/OneDrive/Desktop/Sambosa/node_modules/puppeteer-core/lib/esm/puppeteer/cdp/EmulationManager.js:65:58)
    at EmulatedState.setState (file:///C:/Users/rn0x/OneDrive/Desktop/Sambosa/node_modules/puppeteer-core/lib/esm/puppeteer/cdp/EmulationManager.js:59:20)
    at EmulationManager.emulateViewport (file:///C:/Users/rn0x/OneDrive/Desktop/Sambosa/node_modules/puppeteer-core/lib/esm/puppeteer/cdp/EmulationManager.js:308:39)
    at CdpPage.setViewport (file:///C:/Users/rn0x/OneDrive/Desktop/Sambosa/node_modules/puppeteer-core/lib/esm/puppeteer/cdp/Page.js:718:58)
    at generateImageFromHtml (file:///C:/Users/rn0x/OneDrive/Desktop/Sambosa/src/utils/generateImage.mjs:123:24)
    at async Client.<anonymous> (file:///C:/Users/rn0x/OneDrive/Desktop/Sambosa/src/events/groupJoin.mjs:53:33)
[2025-01-23T00:05:05.789Z] ERROR: Attempt 1 failed: - Protocol error (Emulation.setDeviceMetricsOverride): Invalid parameters Failed to deserialize params.height - BINDINGS: int32 value expected at position 32
Stack: ProtocolError: Protocol error (Emulation.setDeviceMetricsOverride): Invalid parameters Failed to deserialize params.height - BINDINGS: int32 value expected at position 32
    at <instance_members_initializer> (file:///C:/Users/rn0x/OneDrive/Desktop/Sambosa/node_modules/puppeteer-core/lib/esm/puppeteer/common/CallbackRegistry.js:97:14)
    at new Callback (file:///C:/Users/rn0x/OneDrive/Desktop/Sambosa/node_modules/puppeteer-core/lib/esm/puppeteer/common/CallbackRegistry.js:101:16)
    at CallbackRegistry.create (file:///C:/Users/rn0x/OneDrive/Desktop/Sambosa/node_modules/puppeteer-core/lib/esm/puppeteer/common/CallbackRegistry.js:20:26)
    at Connection._rawSend (file:///C:/Users/rn0x/OneDrive/Desktop/Sambosa/node_modules/puppeteer-core/lib/esm/puppeteer/cdp/Connection.js:89:26)
    at CdpCDPSession.send (file:///C:/Users/rn0x/OneDrive/Desktop/Sambosa/node_modules/puppeteer-core/lib/esm/puppeteer/cdp/CDPSession.js:66:33)
    at #applyViewport (file:///C:/Users/rn0x/OneDrive/Desktop/Sambosa/node_modules/puppeteer-core/lib/esm/puppeteer/cdp/EmulationManager.js:129:30)
    at EmulatedState.<anonymous> (file:///C:/Users/rn0x/OneDrive/Desktop/Sambosa/node_modules/puppeteer-core/lib/esm/puppeteer/util/decorators.js:146:23)
    at file:///C:/Users/rn0x/OneDrive/Desktop/Sambosa/node_modules/puppeteer-core/lib/esm/puppeteer/cdp/EmulationManager.js:66:33
    at Array.map (<anonymous>)
    at EmulatedState.sync (file:///C:/Users/rn0x/OneDrive/Desktop/Sambosa/node_modules/puppeteer-core/lib/esm/puppeteer/cdp/EmulationManager.js:65:58)
    at EmulatedState.setState (file:///C:/Users/rn0x/OneDrive/Desktop/Sambosa/node_modules/puppeteer-core/lib/esm/puppeteer/cdp/EmulationManager.js:59:20)
    at EmulationManager.emulateViewport (file:///C:/Users/rn0x/OneDrive/Desktop/Sambosa/node_modules/puppeteer-core/lib/esm/puppeteer/cdp/EmulationManager.js:308:39)
    at CdpPage.setViewport (file:///C:/Users/rn0x/OneDrive/Desktop/Sambosa/node_modules/puppeteer-core/lib/esm/puppeteer/cdp/Page.js:718:58)
    at generateImageFromHtml (file:///C:/Users/rn0x/OneDrive/Desktop/Sambosa/src/utils/generateImage.mjs:123:24)
    at async Client.<anonymous> (file:///C:/Users/rn0x/OneDrive/Desktop/Sambosa/src/events/groupJoin.mjs:53:33)
[2025-01-23T00:06:10.954Z] ERROR: Attempt 1 failed: - Protocol error (Emulation.setDeviceMetricsOverride): Invalid parameters Failed to deserialize params.height - BINDINGS: mandatory field missing at position 99
Stack: ProtocolError: Protocol error (Emulation.setDeviceMetricsOverride): Invalid parameters Failed to deserialize params.height - BINDINGS: mandatory field missing at position 99
    at <instance_members_initializer> (file:///C:/Users/rn0x/OneDrive/Desktop/Sambosa/node_modules/puppeteer-core/lib/esm/puppeteer/common/CallbackRegistry.js:97:14)
    at new Callback (file:///C:/Users/rn0x/OneDrive/Desktop/Sambosa/node_modules/puppeteer-core/lib/esm/puppeteer/common/CallbackRegistry.js:101:16)
    at CallbackRegistry.create (file:///C:/Users/rn0x/OneDrive/Desktop/Sambosa/node_modules/puppeteer-core/lib/esm/puppeteer/common/CallbackRegistry.js:20:26)
    at Connection._rawSend (file:///C:/Users/rn0x/OneDrive/Desktop/Sambosa/node_modules/puppeteer-core/lib/esm/puppeteer/cdp/Connection.js:89:26)
    at CdpCDPSession.send (file:///C:/Users/rn0x/OneDrive/Desktop/Sambosa/node_modules/puppeteer-core/lib/esm/puppeteer/cdp/CDPSession.js:66:33)
    at #applyViewport (file:///C:/Users/rn0x/OneDrive/Desktop/Sambosa/node_modules/puppeteer-core/lib/esm/puppeteer/cdp/EmulationManager.js:129:30)
    at EmulatedState.<anonymous> (file:///C:/Users/rn0x/OneDrive/Desktop/Sambosa/node_modules/puppeteer-core/lib/esm/puppeteer/util/decorators.js:146:23)
    at file:///C:/Users/rn0x/OneDrive/Desktop/Sambosa/node_modules/puppeteer-core/lib/esm/puppeteer/cdp/EmulationManager.js:66:33
    at Array.map (<anonymous>)
    at EmulatedState.sync (file:///C:/Users/rn0x/OneDrive/Desktop/Sambosa/node_modules/puppeteer-core/lib/esm/puppeteer/cdp/EmulationManager.js:65:58)
    at EmulatedState.setState (file:///C:/Users/rn0x/OneDrive/Desktop/Sambosa/node_modules/puppeteer-core/lib/esm/puppeteer/cdp/EmulationManager.js:59:20)
    at EmulationManager.emulateViewport (file:///C:/Users/rn0x/OneDrive/Desktop/Sambosa/node_modules/puppeteer-core/lib/esm/puppeteer/cdp/EmulationManager.js:308:39)
    at CdpPage.setViewport (file:///C:/Users/rn0x/OneDrive/Desktop/Sambosa/node_modules/puppeteer-core/lib/esm/puppeteer/cdp/Page.js:718:58)
    at generateImageFromHtml (file:///C:/Users/rn0x/OneDrive/Desktop/Sambosa/src/utils/generateImage.mjs:123:24)
    at async Client.<anonymous> (file:///C:/Users/rn0x/OneDrive/Desktop/Sambosa/src/events/groupJoin.mjs:53:33)
[2025-01-23T00:16:25.874Z] ERROR: Uncaught exception: - Evaluation failed: TypeError: Cannot read properties of undefined (reading 'id')
    at pptr://__puppeteer_evaluation_script__:3:57
Stack: Error: Evaluation failed: TypeError: Cannot read properties of undefined (reading 'id')
    at pptr://__puppeteer_evaluation_script__:3:57
    at ExecutionContext._ExecutionContext_evaluate (C:\Users\rn0x\OneDrive\Desktop\Sambosa\node_modules\puppeteer\node_modules\puppeteer-core\lib\cjs\puppeteer\common\ExecutionContext.js:229:15)
    at process.processTicksAndRejections (node:internal/process/task_queues:105:5)
    at async ExecutionContext.evaluate (C:\Users\rn0x\OneDrive\Desktop\Sambosa\node_modules\puppeteer\node_modules\puppeteer-core\lib\cjs\puppeteer\common\ExecutionContext.js:107:16)
    at async Message.delete (C:\Users\rn0x\OneDrive\Desktop\Sambosa\node_modules\whatsapp-web.js\src\structures\Message.js:503:9)
    at async Timeout._onTimeout (file:///C:/Users/rn0x/OneDrive/Desktop/Sambosa/src/events/groupJoin.mjs:74:17)
[2025-01-23T00:17:51.389Z] ERROR: Uncaught exception: - Evaluation failed: TypeError: Cannot read properties of undefined (reading 'id')
    at pptr://__puppeteer_evaluation_script__:3:57
Stack: Error: Evaluation failed: TypeError: Cannot read properties of undefined (reading 'id')
    at pptr://__puppeteer_evaluation_script__:3:57
    at ExecutionContext._ExecutionContext_evaluate (C:\Users\rn0x\OneDrive\Desktop\Sambosa\node_modules\puppeteer\node_modules\puppeteer-core\lib\cjs\puppeteer\common\ExecutionContext.js:229:15)
    at process.processTicksAndRejections (node:internal/process/task_queues:105:5)
    at async ExecutionContext.evaluate (C:\Users\rn0x\OneDrive\Desktop\Sambosa\node_modules\puppeteer\node_modules\puppeteer-core\lib\cjs\puppeteer\common\ExecutionContext.js:107:16)
    at async Message.delete (C:\Users\rn0x\OneDrive\Desktop\Sambosa\node_modules\whatsapp-web.js\src\structures\Message.js:503:9)
    at async Timeout._onTimeout (file:///C:/Users/rn0x/OneDrive/Desktop/Sambosa/src/events/groupJoin.mjs:74:17)
